<?xml version="1.0" encoding="UTF-8"?>
<!-- Generated by org.testng.reporters.JUnitReportReporter -->
<testsuite hostname="rajkumar-pc" name="com.LVweb.TestCases.LoginPageTest" tests="2" failures="0" timestamp="13 Jul 2018 07:07:52 GMT" time="9.713" errors="0">
  <testcase name="logintest" time="4.900" classname="com.LVweb.TestCases.LoginPageTest"/>
  <testcase name="loginoffTest" time="4.813" classname="com.LVweb.TestCases.LoginPageTest"/>
</testsuite> <!-- com.LVweb.TestCases.LoginPageTest -->
