<?xml version="1.0" encoding="UTF-8"?>
<!-- Generated by org.testng.reporters.JUnitReportReporter -->
<testsuite hostname="rajkumar-pc" name="com.LVweb.Pages.EstimateBenefitsPage" tests="1" failures="0" timestamp="19 Jul 2018 11:01:55 GMT" time="0.009" errors="0">
  <testcase name="dataProvider" time="0.009" classname="com.LVweb.Pages.EstimateBenefitsPage"/>
</testsuite> <!-- com.LVweb.Pages.EstimateBenefitsPage -->
