<?xml version="1.0" encoding="UTF-8"?>
<!-- Generated by org.testng.reporters.JUnitReportReporter -->
<testsuite hostname="rajkumar-pc" name="com.LVweb.TestCases.EstimateBenefitTest" tests="1" failures="0" timestamp="19 Jul 2018 13:50:13 GMT" time="0.009" errors="0">
  <testcase name="arrayListConcept" time="0.009" classname="com.LVweb.TestCases.EstimateBenefitTest"/>
</testsuite> <!-- com.LVweb.TestCases.EstimateBenefitTest -->
