<?xml version="1.0" encoding="UTF-8"?>
<!-- Generated by org.testng.reporters.JUnitReportReporter -->
<testsuite hostname="rajkumar-pc" name="com.LVweb.TestCases.LoginPageTest" tests="2" failures="0" timestamp="20 Jul 2018 13:42:39 GMT" time="11.879" errors="0">
  <testcase name="loginoffTest" time="2.212" classname="com.LVweb.TestCases.LoginPageTest"/>
  <testcase name="logintest" time="9.667" classname="com.LVweb.TestCases.LoginPageTest"/>
</testsuite> <!-- com.LVweb.TestCases.LoginPageTest -->
